<?xml version="1.0" encoding="UTF-8"?>
<!-- Generated by org.testng.reporters.JUnitXMLReporter -->
<testsuite hostname="UK1LPT82" ignored="0" name="Test" tests="7" failures="0" timestamp="2020-12-10T20:08:45 GMT" time="0.717" errors="0">
  <testcase name="testBuyItemWithExactPrice" time="0.018" classname="Collinson.VendingMachineProgram.VendingMachineTest"/>
  <testcase name="testBuyItemWithMorePrice" time="0.004" classname="Collinson.VendingMachineProgram.VendingMachineTest"/>
  <testcase name="testRefund" time="0.004" classname="Collinson.VendingMachineProgram.VendingMachineTest"/>
  <testcase name="testBuyItemWithLessPrice" time="0.003" classname="Collinson.VendingMachineProgram.VendingMachineTest"/>
  <testcase name="testSoldOut" time="0.003" classname="Collinson.VendingMachineProgram.VendingMachineTest"/>
  <testcase name="testNotSufficientChangeException" time="0.005" classname="Collinson.VendingMachineProgram.VendingMachineTest"/>
  <testcase name="testReset" time="0.002" classname="Collinson.VendingMachineProgram.VendingMachineTest"/>
</testsuite> <!-- Test -->
