<?xml version="1.0" encoding="UTF-8"?>
<!-- Generated by org.testng.reporters.JUnitXMLReporter -->
<testsuite hostname="UK1LPT82" ignored="0" name="Default test" tests="7" failures="0" timestamp="2020-12-10T20:30:55 GMT" time="0.084" errors="0">
  <testcase name="testBuyItemWithExactPrice" time="0.01" classname="Collinson.VendingMachineProgram.VendingMachineTest"/>
  <testcase name="testBuyItemWithMorePrice" time="0.002" classname="Collinson.VendingMachineProgram.VendingMachineTest"/>
  <testcase name="testRefund" time="0.001" classname="Collinson.VendingMachineProgram.VendingMachineTest"/>
  <testcase name="testBuyItemWithLessPrice" time="0.002" classname="Collinson.VendingMachineProgram.VendingMachineTest"/>
  <testcase name="testSoldOut" time="0.002" classname="Collinson.VendingMachineProgram.VendingMachineTest"/>
  <testcase name="testNotSufficientChangeException" time="0.001" classname="Collinson.VendingMachineProgram.VendingMachineTest"/>
  <testcase name="testReset" time="0.002" classname="Collinson.VendingMachineProgram.VendingMachineTest"/>
</testsuite> <!-- Default test -->
